# JRE version: OpenJDK Runtime Environment (11.0.13) (build 11.0.13+0-b1751.21-8125866)
# Java VM: OpenJDK 64-Bit Server VM (11.0.13+0-b1751.21-8125866, mixed mode, tiered, compressed oops, g1 gc, windows-amd64)
Heap:
 garbage-first heap   total 143360K, used 88698K [0x0000000080000000, 0x0000000100000000)
  region size 1024K, 37 young (37888K), 7 survivors (7168K)
 Metaspace       used 74360K, capacity 76063K, committed 76316K, reserved 1116160K
  class space    used 9627K, capacity 10263K, committed 10392K, reserved 1048576K
GC Heap History (20 events):
Event: 9.938 GC heap before
{Heap before GC invocations=9 (full 0):
 garbage-first heap   total 98304K, used 66744K [0x0000000080000000, 0x0000000100000000)
  region size 1024K, 47 young (48128K), 6 survivors (6144K)
 Metaspace       used 38911K, capacity 39827K, committed 40060K, reserved 1083392K
  class space    used 4885K, capacity 5223K, committed 5324K, reserved 1048576K
}
Event: 9.954 GC heap after
{Heap after GC invocations=10 (full 0):
 garbage-first heap   total 118784K, used 26320K [0x0000000080000000, 0x0000000100000000)
  region size 1024K, 6 young (6144K), 6 survivors (6144K)
 Metaspace       used 38911K, capacity 39827K, committed 40060K, reserved 1083392K
  class space    used 4885K, capacity 5223K, committed 5324K, reserved 1048576K
}
Event: 11.210 GC heap before
{Heap before GC invocations=10 (full 0):
 garbage-first heap   total 118784K, used 76496K [0x0000000080000000, 0x0000000100000000)
  region size 1024K, 55 young (56320K), 6 survivors (6144K)
 Metaspace       used 42716K, capacity 43746K, committed 44028K, reserved 1087488K
  class space    used 5448K, capacity 5838K, committed 5964K, reserved 1048576K
}
Event: 11.220 GC heap after
{Heap after GC invocations=11 (full 0):
 garbage-first heap   total 118784K, used 29215K [0x0000000080000000, 0x0000000100000000)
  region size 1024K, 6 young (6144K), 6 survivors (6144K)
 Metaspace       used 42716K, capacity 43746K, committed 44028K, reserved 1087488K
  class space    used 5448K, capacity 5838K, committed 5964K, reserved 1048576K
}
Event: 12.362 GC heap before
{Heap before GC invocations=11 (full 0):
 garbage-first heap   total 118784K, used 80415K [0x0000000080000000, 0x0000000100000000)
  region size 1024K, 56 young (57344K), 6 survivors (6144K)
 Metaspace       used 47132K, capacity 48230K, committed 48380K, reserved 1091584K
  class space    used 5985K, capacity 6395K, committed 6476K, reserved 1048576K
}
Event: 12.373 GC heap after
{Heap after GC invocations=12 (full 0):
 garbage-first heap   total 118784K, used 30831K [0x0000000080000000, 0x0000000100000000)
  region size 1024K, 5 young (5120K), 5 survivors (5120K)
 Metaspace       used 47132K, capacity 48230K, committed 48380K, reserved 1091584K
  class space    used 5985K, capacity 6395K, committed 6476K, reserved 1048576K
}
Event: 14.001 GC heap before
{Heap before GC invocations=12 (full 0):
 garbage-first heap   total 118784K, used 87151K [0x0000000080000000, 0x0000000100000000)
  region size 1024K, 56 young (57344K), 5 survivors (5120K)
 Metaspace       used 48925K, capacity 50183K, committed 50428K, reserved 1093632K
  class space    used 6179K, capacity 6649K, committed 6732K, reserved 1048576K
}
Event: 14.017 GC heap after
{Heap after GC invocations=13 (full 0):
 garbage-first heap   total 118784K, used 42407K [0x0000000080000000, 0x0000000100000000)
  region size 1024K, 7 young (7168K), 7 survivors (7168K)
 Metaspace       used 48925K, capacity 50183K, committed 50428K, reserved 1093632K
  class space    used 6179K, capacity 6649K, committed 6732K, reserved 1048576K
}
Event: 15.329 GC heap before
{Heap before GC invocations=13 (full 0):
 garbage-first heap   total 118784K, used 87463K [0x0000000080000000, 0x0000000100000000)
  region size 1024K, 51 young (52224K), 7 survivors (7168K)
 Metaspace       used 55054K, capacity 56469K, committed 56572K, reserved 1097728K
  class space    used 6937K, capacity 7486K, committed 7500K, reserved 1048576K
}
Event: 15.342 GC heap after
{Heap after GC invocations=14 (full 0):
 garbage-first heap   total 118784K, used 45273K [0x0000000080000000, 0x0000000100000000)
  region size 1024K, 2 young (2048K), 2 survivors (2048K)
 Metaspace       used 55054K, capacity 56469K, committed 56572K, reserved 1097728K
  class space    used 6937K, capacity 7486K, committed 7500K, reserved 1048576K
}
Event: 16.138 GC heap before
{Heap before GC invocations=14 (full 0):
 garbage-first heap   total 118784K, used 69849K [0x0000000080000000, 0x0000000100000000)
  region size 1024K, 27 young (27648K), 2 survivors (2048K)
 Metaspace       used 58795K, capacity 60243K, committed 60368K, reserved 1101824K
  class space    used 7416K, capacity 7952K, committed 8012K, reserved 1048576K
}
Event: 16.147 GC heap after
{Heap after GC invocations=15 (full 0):
 garbage-first heap   total 118784K, used 45828K [0x0000000080000000, 0x0000000100000000)
  region size 1024K, 3 young (3072K), 3 survivors (3072K)
 Metaspace       used 58795K, capacity 60243K, committed 60368K, reserved 1101824K
  class space    used 7416K, capacity 7952K, committed 8012K, reserved 1048576K
}
Event: 17.029 GC heap before
{Heap before GC invocations=16 (full 0):
 garbage-first heap   total 118784K, used 92932K [0x0000000080000000, 0x0000000100000000)
  region size 1024K, 43 young (44032K), 3 survivors (3072K)
 Metaspace       used 62153K, capacity 63563K, committed 63900K, reserved 1105920K
  class space    used 7816K, capacity 8368K, committed 8472K, reserved 1048576K
}
Event: 17.041 GC heap after
{Heap after GC invocations=17 (full 0):
 garbage-first heap   total 118784K, used 49743K [0x0000000080000000, 0x0000000100000000)
  region size 1024K, 6 young (6144K), 6 survivors (6144K)
 Metaspace       used 62153K, capacity 63563K, committed 63900K, reserved 1105920K
  class space    used 7816K, capacity 8368K, committed 8472K, reserved 1048576K
}
Event: 18.132 GC heap before
{Heap before GC invocations=17 (full 0):
 garbage-first heap   total 118784K, used 90703K [0x0000000080000000, 0x0000000100000000)
  region size 1024K, 45 young (46080K), 6 survivors (6144K)
 Metaspace       used 64955K, capacity 66418K, committed 66588K, reserved 1107968K
  class space    used 8177K, capacity 8735K, committed 8856K, reserved 1048576K
}
Event: 18.144 GC heap after
{Heap after GC invocations=18 (full 0):
 garbage-first heap   total 143360K, used 52610K [0x0000000080000000, 0x0000000100000000)
  region size 1024K, 3 young (3072K), 3 survivors (3072K)
 Metaspace       used 64955K, capacity 66418K, committed 66588K, reserved 1107968K
  class space    used 8177K, capacity 8735K, committed 8856K, reserved 1048576K
}
Event: 19.550 GC heap before
{Heap before GC invocations=18 (full 0):
 garbage-first heap   total 143360K, used 100738K [0x0000000080000000, 0x0000000100000000)
  region size 1024K, 50 young (51200K), 3 survivors (3072K)
 Metaspace       used 66314K, capacity 67855K, committed 67996K, reserved 1107968K
  class space    used 8354K, capacity 8935K, committed 8984K, reserved 1048576K
}
Event: 19.560 GC heap after
{Heap after GC invocations=19 (full 0):
 garbage-first heap   total 143360K, used 55823K [0x0000000080000000, 0x0000000100000000)
  region size 1024K, 6 young (6144K), 6 survivors (6144K)
 Metaspace       used 66314K, capacity 67855K, committed 67996K, reserved 1107968K
  class space    used 8354K, capacity 8935K, committed 8984K, reserved 1048576K
}
Event: 21.394 GC heap before
{Heap before GC invocations=19 (full 0):
 garbage-first heap   total 143360K, used 103951K [0x0000000080000000, 0x0000000100000000)
  region size 1024K, 53 young (54272K), 6 survivors (6144K)
 Metaspace       used 71659K, capacity 73256K, committed 73628K, reserved 1114112K
  class space    used 9238K, capacity 9870K, committed 10008K, reserved 1048576K
}
Event: 21.412 GC heap after
{Heap after GC invocations=20 (full 0):
 garbage-first heap   total 143360K, used 59002K [0x0000000080000000, 0x0000000100000000)
  region size 1024K, 7 young (7168K), 7 survivors (7168K)
 Metaspace       used 71659K, capacity 73256K, committed 73628K, reserved 1114112K
  class space    used 9238K, capacity 9870K, committed 10008K, reserved 1048576K
}

