# JRE version: OpenJDK Runtime Environment (11.0.13) (build 11.0.13+0-b1751.21-8125866)
# Java VM: OpenJDK 64-Bit Server VM (11.0.13+0-b1751.21-8125866, mixed mode, tiered, compressed oops, g1 gc, windows-amd64)
Heap:
 garbage-first heap   total 551936K, used 142672K [0x0000000080000000, 0x0000000100000000)
  region size 1024K, 4 young (4096K), 4 survivors (4096K)
 Metaspace       used 102519K, capacity 105489K, committed 105680K, reserved 1140736K
  class space    used 13357K, capacity 14528K, committed 14592K, reserved 1048576K
GC Heap History (20 events):
Event: 40.041 GC heap after
{Heap after GC invocations=43 (full 0):
 garbage-first heap   total 143360K, used 96456K [0x0000000080000000, 0x0000000100000000)
  region size 1024K, 3 young (3072K), 3 survivors (3072K)
 Metaspace       used 92333K, capacity 94627K, committed 94800K, reserved 1130496K
  class space    used 11950K, capacity 12843K, committed 12928K, reserved 1048576K
}
Event: 40.281 GC heap before
{Heap before GC invocations=44 (full 0):
 garbage-first heap   total 143360K, used 114888K [0x0000000080000000, 0x0000000100000000)
  region size 1024K, 22 young (22528K), 3 survivors (3072K)
 Metaspace       used 93407K, capacity 95789K, committed 95952K, reserved 1132544K
  class space    used 12080K, capacity 12996K, committed 13056K, reserved 1048576K
}
Event: 40.293 GC heap after
{Heap after GC invocations=45 (full 0):
 garbage-first heap   total 143360K, used 100103K [0x0000000080000000, 0x0000000100000000)
  region size 1024K, 3 young (3072K), 3 survivors (3072K)
 Metaspace       used 93407K, capacity 95789K, committed 95952K, reserved 1132544K
  class space    used 12080K, capacity 12996K, committed 13056K, reserved 1048576K
}
Event: 40.549 GC heap before
{Heap before GC invocations=45 (full 0):
 garbage-first heap   total 143360K, used 118535K [0x0000000080000000, 0x0000000100000000)
  region size 1024K, 21 young (21504K), 3 survivors (3072K)
 Metaspace       used 94412K, capacity 96731K, committed 96848K, reserved 1132544K
  class space    used 12185K, capacity 13095K, committed 13184K, reserved 1048576K
}
Event: 40.569 GC heap after
{Heap after GC invocations=46 (full 0):
 garbage-first heap   total 201728K, used 103850K [0x0000000080000000, 0x0000000100000000)
  region size 1024K, 3 young (3072K), 3 survivors (3072K)
 Metaspace       used 94412K, capacity 96731K, committed 96848K, reserved 1132544K
  class space    used 12185K, capacity 13095K, committed 13184K, reserved 1048576K
}
Event: 41.078 GC heap before
{Heap before GC invocations=47 (full 0):
 garbage-first heap   total 201728K, used 138666K [0x0000000080000000, 0x0000000100000000)
  region size 1024K, 37 young (37888K), 3 survivors (3072K)
 Metaspace       used 94705K, capacity 97000K, committed 97488K, reserved 1134592K
  class space    used 12229K, capacity 13131K, committed 13312K, reserved 1048576K
}
Event: 41.098 GC heap after
{Heap after GC invocations=48 (full 0):
 garbage-first heap   total 201728K, used 110505K [0x0000000080000000, 0x0000000100000000)
  region size 1024K, 5 young (5120K), 5 survivors (5120K)
 Metaspace       used 94705K, capacity 97000K, committed 97488K, reserved 1134592K
  class space    used 12229K, capacity 13131K, committed 13312K, reserved 1048576K
}
Event: 41.269 GC heap before
{Heap before GC invocations=48 (full 0):
 garbage-first heap   total 201728K, used 145321K [0x0000000080000000, 0x0000000100000000)
  region size 1024K, 39 young (39936K), 5 survivors (5120K)
 Metaspace       used 95374K, capacity 97769K, committed 98000K, reserved 1134592K
  class space    used 12326K, capacity 13256K, committed 13312K, reserved 1048576K
}
Event: 41.291 GC heap after
{Heap after GC invocations=49 (full 0):
 garbage-first heap   total 201728K, used 116933K [0x0000000080000000, 0x0000000100000000)
  region size 1024K, 5 young (5120K), 5 survivors (5120K)
 Metaspace       used 95374K, capacity 97769K, committed 98000K, reserved 1134592K
  class space    used 12326K, capacity 13256K, committed 13312K, reserved 1048576K
}
Event: 41.695 GC heap before
{Heap before GC invocations=49 (full 0):
 garbage-first heap   total 201728K, used 150725K [0x0000000080000000, 0x0000000100000000)
  region size 1024K, 38 young (38912K), 5 survivors (5120K)
 Metaspace       used 95606K, capacity 98011K, committed 98256K, reserved 1134592K
  class space    used 12358K, capacity 13292K, committed 13312K, reserved 1048576K
}
Event: 41.716 GC heap after
{Heap after GC invocations=50 (full 0):
 garbage-first heap   total 201728K, used 122880K [0x0000000080000000, 0x0000000100000000)
  region size 1024K, 5 young (5120K), 5 survivors (5120K)
 Metaspace       used 95606K, capacity 98011K, committed 98256K, reserved 1134592K
  class space    used 12358K, capacity 13292K, committed 13312K, reserved 1048576K
}
Event: 41.991 GC heap before
{Heap before GC invocations=51 (full 0):
 garbage-first heap   total 201728K, used 154624K [0x0000000080000000, 0x0000000100000000)
  region size 1024K, 37 young (37888K), 5 survivors (5120K)
 Metaspace       used 95825K, capacity 98262K, committed 98384K, reserved 1134592K
  class space    used 12395K, capacity 13358K, committed 13440K, reserved 1048576K
}
Event: 42.021 GC heap after
{Heap after GC invocations=52 (full 0):
 garbage-first heap   total 373760K, used 129167K [0x0000000080000000, 0x0000000100000000)
  region size 1024K, 5 young (5120K), 5 survivors (5120K)
 Metaspace       used 95825K, capacity 98262K, committed 98384K, reserved 1134592K
  class space    used 12395K, capacity 13358K, committed 13440K, reserved 1048576K
}
Event: 43.057 GC heap before
{Heap before GC invocations=52 (full 0):
 garbage-first heap   total 373760K, used 210063K [0x0000000080000000, 0x0000000100000000)
  region size 1024K, 84 young (86016K), 5 survivors (5120K)
 Metaspace       used 100214K, capacity 103030K, committed 103376K, reserved 1138688K
  class space    used 13123K, capacity 14212K, committed 14336K, reserved 1048576K
}
Event: 43.088 GC heap after
{Heap after GC invocations=53 (full 0):
 garbage-first heap   total 373760K, used 138240K [0x0000000080000000, 0x0000000100000000)
  region size 1024K, 11 young (11264K), 11 survivors (11264K)
 Metaspace       used 100214K, capacity 103030K, committed 103376K, reserved 1138688K
  class space    used 13123K, capacity 14212K, committed 14336K, reserved 1048576K
}
Event: 44.491 GC heap before
{Heap before GC invocations=53 (full 0):
 garbage-first heap   total 373760K, used 231424K [0x0000000080000000, 0x0000000100000000)
  region size 1024K, 103 young (105472K), 11 survivors (11264K)
 Metaspace       used 101847K, capacity 104626K, committed 104784K, reserved 1140736K
  class space    used 13267K, capacity 14369K, committed 14464K, reserved 1048576K
}
Event: 44.521 GC heap after
{Heap after GC invocations=54 (full 0):
 garbage-first heap   total 373760K, used 141076K [0x0000000080000000, 0x0000000100000000)
  region size 1024K, 9 young (9216K), 9 survivors (9216K)
 Metaspace       used 101847K, capacity 104626K, committed 104784K, reserved 1140736K
  class space    used 13267K, capacity 14369K, committed 14464K, reserved 1048576K
}
Event: 45.293 GC heap before
{Heap before GC invocations=54 (full 0):
 garbage-first heap   total 373760K, used 245524K [0x0000000080000000, 0x0000000100000000)
  region size 1024K, 112 young (114688K), 9 survivors (9216K)
 Metaspace       used 102220K, capacity 105197K, committed 105424K, reserved 1140736K
  class space    used 13339K, capacity 14499K, committed 14592K, reserved 1048576K
}
Event: 45.313 GC heap after
{Heap after GC invocations=55 (full 0):
 garbage-first heap   total 373760K, used 142672K [0x0000000080000000, 0x0000000100000000)
  region size 1024K, 4 young (4096K), 4 survivors (4096K)
 Metaspace       used 102220K, capacity 105197K, committed 105424K, reserved 1140736K
  class space    used 13339K, capacity 14499K, committed 14592K, reserved 1048576K
}
Event: 46.499 GC heap before
{Heap before GC invocations=55 (full 0):
 garbage-first heap   total 373760K, used 267600K [0x0000000080000000, 0x0000000100000000)
  region size 1024K, 127 young (130048K), 4 survivors (4096K)
 Metaspace       used 102519K, capacity 105489K, committed 105680K, reserved 1140736K
  class space    used 13357K, capacity 14528K, committed 14592K, reserved 1048576K
}

