# JRE version: OpenJDK Runtime Environment (11.0.13) (build 11.0.13+0-b1751.21-8125866)
# Java VM: OpenJDK 64-Bit Server VM (11.0.13+0-b1751.21-8125866, mixed mode, tiered, compressed oops, g1 gc, windows-amd64)
Heap:
 garbage-first heap   total 143360K, used 75874K [0x0000000080000000, 0x0000000100000000)
  region size 1024K, 19 young (19456K), 6 survivors (6144K)
 Metaspace       used 80954K, capacity 82877K, committed 83024K, reserved 1120256K
  class space    used 10593K, capacity 11305K, committed 11392K, reserved 1048576K
GC Heap History (20 events):
Event: 11.478 GC heap before
{Heap before GC invocations=11 (full 0):
 garbage-first heap   total 98304K, used 73281K [0x0000000080000000, 0x0000000100000000)
  region size 1024K, 47 young (48128K), 3 survivors (3072K)
 Metaspace       used 46595K, capacity 47764K, committed 47824K, reserved 1091584K
  class space    used 5909K, capacity 6344K, committed 6400K, reserved 1048576K
}
Event: 11.487 GC heap after
{Heap after GC invocations=12 (full 0):
 garbage-first heap   total 118784K, used 29420K [0x0000000080000000, 0x0000000100000000)
  region size 1024K, 4 young (4096K), 4 survivors (4096K)
 Metaspace       used 46595K, capacity 47764K, committed 47824K, reserved 1091584K
  class space    used 5909K, capacity 6344K, committed 6400K, reserved 1048576K
}
Event: 13.545 GC heap before
{Heap before GC invocations=12 (full 0):
 garbage-first heap   total 118784K, used 89836K [0x0000000080000000, 0x0000000100000000)
  region size 1024K, 60 young (61440K), 4 survivors (4096K)
 Metaspace       used 48768K, capacity 50069K, committed 50128K, reserved 1093632K
  class space    used 6156K, capacity 6610K, committed 6656K, reserved 1048576K
}
Event: 13.563 GC heap after
{Heap after GC invocations=13 (full 0):
 garbage-first heap   total 118784K, used 38647K [0x0000000080000000, 0x0000000100000000)
  region size 1024K, 8 young (8192K), 8 survivors (8192K)
 Metaspace       used 48768K, capacity 50069K, committed 50128K, reserved 1093632K
  class space    used 6156K, capacity 6610K, committed 6656K, reserved 1048576K
}
Event: 15.224 GC heap before
{Heap before GC invocations=13 (full 0):
 garbage-first heap   total 118784K, used 91895K [0x0000000080000000, 0x0000000100000000)
  region size 1024K, 58 young (59392K), 8 survivors (8192K)
 Metaspace       used 55438K, capacity 56932K, committed 57168K, reserved 1099776K
  class space    used 6971K, capacity 7511K, committed 7552K, reserved 1048576K
}
Event: 15.235 GC heap after
{Heap after GC invocations=14 (full 0):
 garbage-first heap   total 118784K, used 43870K [0x0000000080000000, 0x0000000100000000)
  region size 1024K, 3 young (3072K), 3 survivors (3072K)
 Metaspace       used 55438K, capacity 56932K, committed 57168K, reserved 1099776K
  class space    used 6971K, capacity 7511K, committed 7552K, reserved 1048576K
}
Event: 16.007 GC heap before
{Heap before GC invocations=14 (full 0):
 garbage-first heap   total 118784K, used 67422K [0x0000000080000000, 0x0000000100000000)
  region size 1024K, 27 young (27648K), 3 survivors (3072K)
 Metaspace       used 58945K, capacity 60385K, committed 60496K, reserved 1101824K
  class space    used 7438K, capacity 7977K, committed 8064K, reserved 1048576K
}
Event: 16.015 GC heap after
{Heap after GC invocations=15 (full 0):
 garbage-first heap   total 118784K, used 44793K [0x0000000080000000, 0x0000000100000000)
  region size 1024K, 4 young (4096K), 4 survivors (4096K)
 Metaspace       used 58945K, capacity 60385K, committed 60496K, reserved 1101824K
  class space    used 7438K, capacity 7977K, committed 8064K, reserved 1048576K
}
Event: 17.118 GC heap before
{Heap before GC invocations=16 (full 0):
 garbage-first heap   total 118784K, used 98041K [0x0000000080000000, 0x0000000100000000)
  region size 1024K, 50 young (51200K), 4 survivors (4096K)
 Metaspace       used 62733K, capacity 64217K, committed 64592K, reserved 1105920K
  class space    used 7880K, capacity 8435K, committed 8576K, reserved 1048576K
}
Event: 17.131 GC heap after
{Heap after GC invocations=17 (full 0):
 garbage-first heap   total 118784K, used 49035K [0x0000000080000000, 0x0000000100000000)
  region size 1024K, 7 young (7168K), 7 survivors (7168K)
 Metaspace       used 62733K, capacity 64217K, committed 64592K, reserved 1105920K
  class space    used 7880K, capacity 8435K, committed 8576K, reserved 1048576K
}
Event: 17.936 GC heap before
{Heap before GC invocations=17 (full 0):
 garbage-first heap   total 118784K, used 94091K [0x0000000080000000, 0x0000000100000000)
  region size 1024K, 50 young (51200K), 7 survivors (7168K)
 Metaspace       used 65152K, capacity 66672K, committed 66896K, reserved 1107968K
  class space    used 8213K, capacity 8773K, committed 8832K, reserved 1048576K
}
Event: 17.951 GC heap after
{Heap after GC invocations=18 (full 0):
 garbage-first heap   total 118784K, used 52860K [0x0000000080000000, 0x0000000100000000)
  region size 1024K, 4 young (4096K), 4 survivors (4096K)
 Metaspace       used 65152K, capacity 66672K, committed 66896K, reserved 1107968K
  class space    used 8213K, capacity 8773K, committed 8832K, reserved 1048576K
}
Event: 18.534 GC heap before
{Heap before GC invocations=18 (full 0):
 garbage-first heap   total 118784K, used 94844K [0x0000000080000000, 0x0000000100000000)
  region size 1024K, 45 young (46080K), 4 survivors (4096K)
 Metaspace       used 66782K, capacity 68404K, committed 68688K, reserved 1110016K
  class space    used 8422K, capacity 9031K, committed 9088K, reserved 1048576K
}
Event: 18.544 GC heap after
{Heap after GC invocations=19 (full 0):
 garbage-first heap   total 118784K, used 55037K [0x0000000080000000, 0x0000000100000000)
  region size 1024K, 6 young (6144K), 6 survivors (6144K)
 Metaspace       used 66782K, capacity 68404K, committed 68688K, reserved 1110016K
  class space    used 8422K, capacity 9031K, committed 9088K, reserved 1048576K
}
Event: 19.854 GC heap before
{Heap before GC invocations=19 (full 0):
 garbage-first heap   total 118784K, used 95997K [0x0000000080000000, 0x0000000100000000)
  region size 1024K, 46 young (47104K), 6 survivors (6144K)
 Metaspace       used 71272K, capacity 72870K, committed 73040K, reserved 1112064K
  class space    used 9186K, capacity 9825K, committed 9856K, reserved 1048576K
}
Event: 19.868 GC heap after
{Heap after GC invocations=20 (full 0):
 garbage-first heap   total 118784K, used 57665K [0x0000000080000000, 0x0000000100000000)
  region size 1024K, 6 young (6144K), 6 survivors (6144K)
 Metaspace       used 71272K, capacity 72870K, committed 73040K, reserved 1112064K
  class space    used 9186K, capacity 9825K, committed 9856K, reserved 1048576K
}
Event: 22.192 GC heap before
{Heap before GC invocations=20 (full 0):
 garbage-first heap   total 118784K, used 96577K [0x0000000080000000, 0x0000000100000000)
  region size 1024K, 44 young (45056K), 6 survivors (6144K)
 Metaspace       used 74526K, capacity 76216K, committed 76368K, reserved 1116160K
  class space    used 9634K, capacity 10264K, committed 10368K, reserved 1048576K
}
Event: 22.204 GC heap after
{Heap after GC invocations=21 (full 0):
 garbage-first heap   total 143360K, used 60464K [0x0000000080000000, 0x0000000100000000)
  region size 1024K, 6 young (6144K), 6 survivors (6144K)
 Metaspace       used 74526K, capacity 76216K, committed 76368K, reserved 1116160K
  class space    used 9634K, capacity 10264K, committed 10368K, reserved 1048576K
}
Event: 24.406 GC heap before
{Heap before GC invocations=21 (full 0):
 garbage-first heap   total 143360K, used 110640K [0x0000000080000000, 0x0000000100000000)
  region size 1024K, 55 young (56320K), 6 survivors (6144K)
 Metaspace       used 79935K, capacity 81782K, committed 82000K, reserved 1120256K
  class space    used 10410K, capacity 11081K, committed 11136K, reserved 1048576K
}
Event: 24.420 GC heap after
{Heap after GC invocations=22 (full 0):
 garbage-first heap   total 143360K, used 63586K [0x0000000080000000, 0x0000000100000000)
  region size 1024K, 6 young (6144K), 6 survivors (6144K)
 Metaspace       used 79935K, capacity 81782K, committed 82000K, reserved 1120256K
  class space    used 10410K, capacity 11081K, committed 11136K, reserved 1048576K
}

