# JRE version: OpenJDK Runtime Environment (11.0.13) (build 11.0.13+0-b1751.21-8125866)
# Java VM: OpenJDK 64-Bit Server VM (11.0.13+0-b1751.21-8125866, mixed mode, tiered, compressed oops, g1 gc, windows-amd64)
Heap:
 garbage-first heap   total 143360K, used 105903K [0x0000000080000000, 0x0000000100000000)
  region size 1024K, 53 young (54272K), 8 survivors (8192K)
 Metaspace       used 78845K, capacity 80623K, committed 80796K, reserved 1120256K
  class space    used 10212K, capacity 10890K, committed 10956K, reserved 1048576K
GC Heap History (20 events):
Event: 9.212 GC heap before
{Heap before GC invocations=9 (full 0):
 garbage-first heap   total 98304K, used 67760K [0x0000000080000000, 0x0000000100000000)
  region size 1024K, 48 young (49152K), 6 survivors (6144K)
 Metaspace       used 39126K, capacity 40058K, committed 40348K, reserved 1085440K
  class space    used 4931K, capacity 5258K, committed 5324K, reserved 1048576K
}
Event: 9.225 GC heap after
{Heap after GC invocations=10 (full 0):
 garbage-first heap   total 98304K, used 26265K [0x0000000080000000, 0x0000000100000000)
  region size 1024K, 6 young (6144K), 6 survivors (6144K)
 Metaspace       used 39126K, capacity 40058K, committed 40348K, reserved 1085440K
  class space    used 4931K, capacity 5258K, committed 5324K, reserved 1048576K
}
Event: 10.101 GC heap before
{Heap before GC invocations=10 (full 0):
 garbage-first heap   total 98304K, used 69273K [0x0000000080000000, 0x0000000100000000)
  region size 1024K, 48 young (49152K), 6 survivors (6144K)
 Metaspace       used 42062K, capacity 43036K, committed 43164K, reserved 1087488K
  class space    used 5352K, capacity 5729K, committed 5836K, reserved 1048576K
}
Event: 10.114 GC heap after
{Heap after GC invocations=11 (full 0):
 garbage-first heap   total 118784K, used 28880K [0x0000000080000000, 0x0000000100000000)
  region size 1024K, 6 young (6144K), 6 survivors (6144K)
 Metaspace       used 42062K, capacity 43036K, committed 43164K, reserved 1087488K
  class space    used 5352K, capacity 5729K, committed 5836K, reserved 1048576K
}
Event: 11.182 GC heap before
{Heap before GC invocations=11 (full 0):
 garbage-first heap   total 118784K, used 81104K [0x0000000080000000, 0x0000000100000000)
  region size 1024K, 56 young (57344K), 6 survivors (6144K)
 Metaspace       used 46598K, capacity 47707K, committed 47900K, reserved 1091584K
  class space    used 5916K, capacity 6348K, committed 6476K, reserved 1048576K
}
Event: 11.194 GC heap after
{Heap after GC invocations=12 (full 0):
 garbage-first heap   total 118784K, used 30721K [0x0000000080000000, 0x0000000100000000)
  region size 1024K, 5 young (5120K), 5 survivors (5120K)
 Metaspace       used 46598K, capacity 47707K, committed 47900K, reserved 1091584K
  class space    used 5916K, capacity 6348K, committed 6476K, reserved 1048576K
}
Event: 12.591 GC heap before
{Heap before GC invocations=12 (full 0):
 garbage-first heap   total 118784K, used 84993K [0x0000000080000000, 0x0000000100000000)
  region size 1024K, 56 young (57344K), 5 survivors (5120K)
 Metaspace       used 48738K, capacity 49961K, committed 50204K, reserved 1093632K
  class space    used 6160K, capacity 6618K, committed 6732K, reserved 1048576K
}
Event: 12.604 GC heap after
{Heap after GC invocations=13 (full 0):
 garbage-first heap   total 118784K, used 39859K [0x0000000080000000, 0x0000000100000000)
  region size 1024K, 7 young (7168K), 7 survivors (7168K)
 Metaspace       used 48738K, capacity 49961K, committed 50204K, reserved 1093632K
  class space    used 6160K, capacity 6618K, committed 6732K, reserved 1048576K
}
Event: 14.018 GC heap before
{Heap before GC invocations=13 (full 0):
 garbage-first heap   total 118784K, used 89011K [0x0000000080000000, 0x0000000100000000)
  region size 1024K, 54 young (55296K), 7 survivors (7168K)
 Metaspace       used 54371K, capacity 55799K, committed 56092K, reserved 1097728K
  class space    used 6890K, capacity 7455K, committed 7500K, reserved 1048576K
}
Event: 14.028 GC heap after
{Heap after GC invocations=14 (full 0):
 garbage-first heap   total 118784K, used 44838K [0x0000000080000000, 0x0000000100000000)
  region size 1024K, 4 young (4096K), 4 survivors (4096K)
 Metaspace       used 54371K, capacity 55799K, committed 56092K, reserved 1097728K
  class space    used 6890K, capacity 7455K, committed 7500K, reserved 1048576K
}
Event: 14.939 GC heap before
{Heap before GC invocations=14 (full 0):
 garbage-first heap   total 118784K, used 74534K [0x0000000080000000, 0x0000000100000000)
  region size 1024K, 34 young (34816K), 4 survivors (4096K)
 Metaspace       used 59026K, capacity 60437K, committed 60572K, reserved 1101824K
  class space    used 7458K, capacity 8017K, committed 8140K, reserved 1048576K
}
Event: 14.951 GC heap after
{Heap after GC invocations=15 (full 0):
 garbage-first heap   total 118784K, used 45944K [0x0000000080000000, 0x0000000100000000)
  region size 1024K, 2 young (2048K), 2 survivors (2048K)
 Metaspace       used 59026K, capacity 60437K, committed 60572K, reserved 1101824K
  class space    used 7458K, capacity 8017K, committed 8140K, reserved 1048576K
}
Event: 15.963 GC heap before
{Heap before GC invocations=16 (full 0):
 garbage-first heap   total 118784K, used 97144K [0x0000000080000000, 0x0000000100000000)
  region size 1024K, 45 young (46080K), 2 survivors (2048K)
 Metaspace       used 62567K, capacity 64014K, committed 64284K, reserved 1105920K
  class space    used 7869K, capacity 8369K, committed 8524K, reserved 1048576K
}
Event: 15.975 GC heap after
{Heap after GC invocations=17 (full 0):
 garbage-first heap   total 143360K, used 50251K [0x0000000080000000, 0x0000000100000000)
  region size 1024K, 6 young (6144K), 6 survivors (6144K)
 Metaspace       used 62567K, capacity 64014K, committed 64284K, reserved 1105920K
  class space    used 7869K, capacity 8369K, committed 8524K, reserved 1048576K
}
Event: 16.936 GC heap before
{Heap before GC invocations=17 (full 0):
 garbage-first heap   total 143360K, used 105547K [0x0000000080000000, 0x0000000100000000)
  region size 1024K, 59 young (60416K), 6 survivors (6144K)
 Metaspace       used 65121K, capacity 66601K, committed 66972K, reserved 1107968K
  class space    used 8216K, capacity 8773K, committed 8908K, reserved 1048576K
}
Event: 16.950 GC heap after
{Heap after GC invocations=18 (full 0):
 garbage-first heap   total 143360K, used 53962K [0x0000000080000000, 0x0000000100000000)
  region size 1024K, 4 young (4096K), 4 survivors (4096K)
 Metaspace       used 65121K, capacity 66601K, committed 66972K, reserved 1107968K
  class space    used 8216K, capacity 8773K, committed 8908K, reserved 1048576K
}
Event: 18.210 GC heap before
{Heap before GC invocations=18 (full 0):
 garbage-first heap   total 143360K, used 108234K [0x0000000080000000, 0x0000000100000000)
  region size 1024K, 57 young (58368K), 4 survivors (4096K)
 Metaspace       used 69433K, capacity 71048K, committed 71324K, reserved 1112064K
  class space    used 8930K, capacity 9550K, committed 9676K, reserved 1048576K
}
Event: 18.222 GC heap after
{Heap after GC invocations=19 (full 0):
 garbage-first heap   total 143360K, used 57386K [0x0000000080000000, 0x0000000100000000)
  region size 1024K, 8 young (8192K), 8 survivors (8192K)
 Metaspace       used 69433K, capacity 71048K, committed 71324K, reserved 1112064K
  class space    used 8930K, capacity 9550K, committed 9676K, reserved 1048576K
}
Event: 19.610 GC heap before
{Heap before GC invocations=19 (full 0):
 garbage-first heap   total 143360K, used 110634K [0x0000000080000000, 0x0000000100000000)
  region size 1024K, 60 young (61440K), 8 survivors (8192K)
 Metaspace       used 73926K, capacity 75669K, committed 75804K, reserved 1114112K
  class space    used 9559K, capacity 10191K, committed 10316K, reserved 1048576K
}
Event: 19.626 GC heap after
{Heap after GC invocations=20 (full 0):
 garbage-first heap   total 143360K, used 60847K [0x0000000080000000, 0x0000000100000000)
  region size 1024K, 8 young (8192K), 8 survivors (8192K)
 Metaspace       used 73926K, capacity 75669K, committed 75804K, reserved 1114112K
  class space    used 9559K, capacity 10191K, committed 10316K, reserved 1048576K
}

