# JRE version: OpenJDK Runtime Environment (11.0.13) (build 11.0.13+0-b1751.21-8125866)
# Java VM: OpenJDK 64-Bit Server VM (11.0.13+0-b1751.21-8125866, mixed mode, tiered, compressed oops, g1 gc, windows-amd64)
Heap:
 garbage-first heap   total 623616K, used 187181K [0x0000000080000000, 0x0000000100000000)
  region size 1024K, 12 young (12288K), 12 survivors (12288K)
 Metaspace       used 112938K, capacity 116327K, committed 116604K, reserved 1150976K
  class space    used 14459K, capacity 15784K, committed 15820K, reserved 1048576K
GC Heap History (20 events):
Event: 32.809 GC heap after
{Heap after GC invocations=46 (full 0):
 garbage-first heap   total 206848K, used 91569K [0x0000000080000000, 0x0000000100000000)
  region size 1024K, 4 young (4096K), 4 survivors (4096K)
 Metaspace       used 94816K, capacity 96983K, committed 97532K, reserved 1134592K
  class space    used 11878K, capacity 12694K, committed 12876K, reserved 1048576K
}
Event: 34.100 GC heap before
{Heap before GC invocations=46 (full 0):
 garbage-first heap   total 206848K, used 145841K [0x0000000080000000, 0x0000000100000000)
  region size 1024K, 58 young (59392K), 4 survivors (4096K)
 Metaspace       used 97381K, capacity 99557K, committed 100092K, reserved 1136640K
  class space    used 12156K, capacity 12960K, committed 13132K, reserved 1048576K
}
Event: 34.114 GC heap after
{Heap after GC invocations=47 (full 0):
 garbage-first heap   total 206848K, used 95149K [0x0000000080000000, 0x0000000100000000)
  region size 1024K, 8 young (8192K), 8 survivors (8192K)
 Metaspace       used 97381K, capacity 99557K, committed 100092K, reserved 1136640K
  class space    used 12156K, capacity 12960K, committed 13132K, reserved 1048576K
}
Event: 34.754 GC heap before
{Heap before GC invocations=47 (full 0):
 garbage-first heap   total 206848K, used 152493K [0x0000000080000000, 0x0000000100000000)
  region size 1024K, 63 young (64512K), 8 survivors (8192K)
 Metaspace       used 98502K, capacity 100639K, committed 100988K, reserved 1136640K
  class space    used 12284K, capacity 13079K, committed 13260K, reserved 1048576K
}
Event: 34.786 GC heap after
{Heap after GC invocations=48 (full 0):
 garbage-first heap   total 250880K, used 99765K [0x0000000080000000, 0x0000000100000000)
  region size 1024K, 7 young (7168K), 7 survivors (7168K)
 Metaspace       used 98502K, capacity 100639K, committed 100988K, reserved 1136640K
  class space    used 12284K, capacity 13079K, committed 13260K, reserved 1048576K
}
Event: 35.269 GC heap before
{Heap before GC invocations=48 (full 0):
 garbage-first heap   total 250880K, used 173493K [0x0000000080000000, 0x0000000100000000)
  region size 1024K, 80 young (81920K), 7 survivors (7168K)
 Metaspace       used 98630K, capacity 100771K, committed 101244K, reserved 1136640K
  class space    used 12287K, capacity 13080K, committed 13260K, reserved 1048576K
}
Event: 35.287 GC heap after
{Heap after GC invocations=49 (full 0):
 garbage-first heap   total 250880K, used 104460K [0x0000000080000000, 0x0000000100000000)
  region size 1024K, 8 young (8192K), 8 survivors (8192K)
 Metaspace       used 98630K, capacity 100771K, committed 101244K, reserved 1136640K
  class space    used 12287K, capacity 13080K, committed 13260K, reserved 1048576K
}
Event: 35.655 GC heap before
{Heap before GC invocations=49 (full 0):
 garbage-first heap   total 250880K, used 192524K [0x0000000080000000, 0x0000000100000000)
  region size 1024K, 92 young (94208K), 8 survivors (8192K)
 Metaspace       used 99050K, capacity 101373K, committed 101500K, reserved 1138688K
  class space    used 12346K, capacity 13175K, committed 13260K, reserved 1048576K
}
Event: 35.663 GC heap after
{Heap after GC invocations=50 (full 0):
 garbage-first heap   total 250880K, used 101076K [0x0000000080000000, 0x0000000100000000)
  region size 1024K, 3 young (3072K), 3 survivors (3072K)
 Metaspace       used 99050K, capacity 101373K, committed 101500K, reserved 1138688K
  class space    used 12346K, capacity 13175K, committed 13260K, reserved 1048576K
}
Event: 36.854 GC heap before
{Heap before GC invocations=50 (full 0):
 garbage-first heap   total 250880K, used 211668K [0x0000000080000000, 0x0000000100000000)
  region size 1024K, 102 young (104448K), 3 survivors (3072K)
 Metaspace       used 99593K, capacity 101926K, committed 102140K, reserved 1138688K
  class space    used 12424K, capacity 13324K, committed 13388K, reserved 1048576K
}
Event: 36.870 GC heap after
{Heap after GC invocations=51 (full 0):
 garbage-first heap   total 250880K, used 110495K [0x0000000080000000, 0x0000000100000000)
  region size 1024K, 4 young (4096K), 4 survivors (4096K)
 Metaspace       used 99593K, capacity 101926K, committed 102140K, reserved 1138688K
  class space    used 12424K, capacity 13324K, committed 13388K, reserved 1048576K
}
Event: 37.339 GC heap before
{Heap before GC invocations=51 (full 0):
 garbage-first heap   total 250880K, used 207775K [0x0000000080000000, 0x0000000100000000)
  region size 1024K, 98 young (100352K), 4 survivors (4096K)
 Metaspace       used 100611K, capacity 102982K, committed 103036K, reserved 1138688K
  class space    used 12567K, capacity 13484K, committed 13516K, reserved 1048576K
}
Event: 37.398 GC heap after
{Heap after GC invocations=52 (full 0):
 garbage-first heap   total 320512K, used 120622K [0x0000000080000000, 0x0000000100000000)
  region size 1024K, 13 young (13312K), 13 survivors (13312K)
 Metaspace       used 100611K, capacity 102982K, committed 103036K, reserved 1138688K
  class space    used 12567K, capacity 13484K, committed 13516K, reserved 1048576K
}
Event: 38.984 GC heap before
{Heap before GC invocations=52 (full 0):
 garbage-first heap   total 320512K, used 250670K [0x0000000080000000, 0x0000000100000000)
  region size 1024K, 141 young (144384K), 13 survivors (13312K)
 Metaspace       used 107244K, capacity 110262K, committed 110460K, reserved 1144832K
  class space    used 13539K, capacity 14720K, committed 14796K, reserved 1048576K
}
Event: 39.051 GC heap after
{Heap after GC invocations=53 (full 0):
 garbage-first heap   total 320512K, used 140935K [0x0000000080000000, 0x0000000100000000)
  region size 1024K, 18 young (18432K), 18 survivors (18432K)
 Metaspace       used 107244K, capacity 110262K, committed 110460K, reserved 1144832K
  class space    used 13539K, capacity 14720K, committed 14796K, reserved 1048576K
}
Event: 39.431 GC heap before
{Heap before GC invocations=53 (full 0):
 garbage-first heap   total 320512K, used 247431K [0x0000000080000000, 0x0000000100000000)
  region size 1024K, 122 young (124928K), 18 survivors (18432K)
 Metaspace       used 108987K, capacity 112026K, committed 112252K, reserved 1146880K
  class space    used 13832K, capacity 15036K, committed 15052K, reserved 1048576K
}
Event: 39.541 GC heap after
{Heap after GC invocations=54 (full 0):
 garbage-first heap   total 320512K, used 158531K [0x0000000080000000, 0x0000000100000000)
  region size 1024K, 16 young (16384K), 16 survivors (16384K)
 Metaspace       used 108987K, capacity 112026K, committed 112252K, reserved 1146880K
  class space    used 13832K, capacity 15036K, committed 15052K, reserved 1048576K
}
Event: 40.086 GC heap before
{Heap before GC invocations=54 (full 0):
 garbage-first heap   total 320512K, used 250691K [0x0000000080000000, 0x0000000100000000)
  region size 1024K, 107 young (109568K), 16 survivors (16384K)
 Metaspace       used 112452K, capacity 115856K, committed 116092K, reserved 1148928K
  class space    used 14408K, capacity 15740K, committed 15820K, reserved 1048576K
}
Event: 40.129 GC heap after
{Heap after GC invocations=55 (full 0):
 garbage-first heap   total 320512K, used 174080K [0x0000000080000000, 0x0000000100000000)
  region size 1024K, 14 young (14336K), 14 survivors (14336K)
 Metaspace       used 112452K, capacity 115856K, committed 116092K, reserved 1148928K
  class space    used 14408K, capacity 15740K, committed 15820K, reserved 1048576K
}
Event: 40.439 GC heap before
{Heap before GC invocations=55 (full 0):
 garbage-first heap   total 320512K, used 254976K [0x0000000080000000, 0x0000000100000000)
  region size 1024K, 94 young (96256K), 14 survivors (14336K)
 Metaspace       used 112938K, capacity 116327K, committed 116604K, reserved 1150976K
  class space    used 14459K, capacity 15784K, committed 15820K, reserved 1048576K
}

